<?xml version="1.0" encoding="UTF-8"?>
<!-- Generated by org.testng.reporters.JUnitXMLReporter -->
<testsuite ignored="0" hostname="DESKTOP-VLILFCN" failures="0" tests="8" name="Test" time="40.789" errors="0" timestamp="2023-09-17T18:05:17 IST">
  <testcase classname="trello.CRUD" name="dataDrivenSetup" time="28.512"/>
  <testcase classname="trello.SimpleBooks" name="Authentication" time="1.88"/>
  <testcase classname="trello.SimpleBooks" name="SubmitAnOrder" time="1.5"/>
  <testcase classname="trello.SimpleBooks" name="getListOfBooks" time="1.364"/>
  <testcase classname="trello.SimpleBooks" name="getABookById" time="1.301"/>
  <testcase classname="trello.SimpleBooks" name="getAllOrders" time="1.273"/>
  <testcase classname="trello.SimpleBooks" name="getAnOrder" time="1.319"/>
  <testcase classname="trello.SimpleBooks" name="updateAnOrder" time="3.43"/>
</testsuite> <!-- Test -->
