<?xml version="1.0" encoding="UTF-8"?>
<!-- Generated by org.testng.reporters.JUnitXMLReporter -->
<testsuite ignored="0" hostname="DESKTOP-VLILFCN" failures="0" tests="7" name="Default test" time="19.046" errors="0" timestamp="2023-09-17T17:51:11 IST">
  <testcase classname="trello.SimpleBooks" name="Authentication" time="7.875"/>
  <testcase classname="trello.SimpleBooks" name="SubmitAnOrder" time="1.477"/>
  <testcase classname="trello.SimpleBooks" name="getListOfBooks" time="1.337"/>
  <testcase classname="trello.SimpleBooks" name="getABookById" time="1.255"/>
  <testcase classname="trello.SimpleBooks" name="getAllOrders" time="1.414"/>
  <testcase classname="trello.SimpleBooks" name="getAnOrder" time="2.459"/>
  <testcase classname="trello.SimpleBooks" name="updateAnOrder" time="3.018"/>
</testsuite> <!-- Default test -->
