<?xml version="1.0" encoding="UTF-8"?>
<testng-results ignored="0" total="8" passed="8" failed="0" skipped="0">
  <reporter-output>
  </reporter-output>
  <suite started-at="2023-09-17T18:04:36 IST" name="Suite" finished-at="2023-09-17T18:05:17 IST" duration-ms="40789">
    <groups>
    </groups>
    <test started-at="2023-09-17T18:04:36 IST" name="Test" finished-at="2023-09-17T18:05:17 IST" duration-ms="40789">
      <class name="trello.CRUD">
        <test-method signature="dataDrivenSetup()[pri:0, instance:trello.CRUD@f09733f]" started-at="2023-09-17T18:04:36 IST" name="dataDrivenSetup" finished-at="2023-09-17T18:05:04 IST" duration-ms="28512" status="PASS">
          <reporter-output>
          </reporter-output>
        </test-method> <!-- dataDrivenSetup -->
      </class> <!-- trello.CRUD -->
      <class name="trello.SimpleBooks">
        <test-method signature="Authentication()[pri:0, instance:trello.SimpleBooks@4145bad8]" started-at="2023-09-17T18:05:04 IST" name="Authentication" finished-at="2023-09-17T18:05:06 IST" duration-ms="1880" status="PASS">
          <reporter-output>
          </reporter-output>
        </test-method> <!-- Authentication -->
        <test-method signature="SubmitAnOrder()[pri:1, instance:trello.SimpleBooks@4145bad8]" started-at="2023-09-17T18:05:06 IST" name="SubmitAnOrder" finished-at="2023-09-17T18:05:08 IST" duration-ms="1500" status="PASS">
          <reporter-output>
          </reporter-output>
        </test-method> <!-- SubmitAnOrder -->
        <test-method signature="getListOfBooks()[pri:2, instance:trello.SimpleBooks@4145bad8]" started-at="2023-09-17T18:05:08 IST" name="getListOfBooks" finished-at="2023-09-17T18:05:09 IST" duration-ms="1364" status="PASS">
          <reporter-output>
          </reporter-output>
        </test-method> <!-- getListOfBooks -->
        <test-method signature="getABookById()[pri:3, instance:trello.SimpleBooks@4145bad8]" started-at="2023-09-17T18:05:09 IST" name="getABookById" finished-at="2023-09-17T18:05:11 IST" duration-ms="1301" status="PASS">
          <reporter-output>
          </reporter-output>
        </test-method> <!-- getABookById -->
        <test-method signature="getAllOrders()[pri:4, instance:trello.SimpleBooks@4145bad8]" started-at="2023-09-17T18:05:11 IST" name="getAllOrders" finished-at="2023-09-17T18:05:12 IST" duration-ms="1273" status="PASS">
          <reporter-output>
          </reporter-output>
        </test-method> <!-- getAllOrders -->
        <test-method signature="getAnOrder()[pri:5, instance:trello.SimpleBooks@4145bad8]" started-at="2023-09-17T18:05:12 IST" name="getAnOrder" finished-at="2023-09-17T18:05:13 IST" duration-ms="1319" status="PASS">
          <reporter-output>
          </reporter-output>
        </test-method> <!-- getAnOrder -->
        <test-method signature="updateAnOrder()[pri:6, instance:trello.SimpleBooks@4145bad8]" started-at="2023-09-17T18:05:13 IST" name="updateAnOrder" finished-at="2023-09-17T18:05:17 IST" duration-ms="3430" status="PASS">
          <reporter-output>
          </reporter-output>
        </test-method> <!-- updateAnOrder -->
      </class> <!-- trello.SimpleBooks -->
    </test> <!-- Test -->
  </suite> <!-- Suite -->
</testng-results>
