<?xml version="1.0" encoding="UTF-8"?>
<testng-results ignored="0" total="1" passed="1" failed="0" skipped="0">
  <reporter-output>
  </reporter-output>
  <suite started-at="2023-09-09T09:11:14 IST" name="Default suite" finished-at="2023-09-09T09:11:51 IST" duration-ms="36789">
    <groups>
    </groups>
    <test started-at="2023-09-09T09:11:14 IST" name="Default test" finished-at="2023-09-09T09:11:51 IST" duration-ms="36789">
      <class name="trello.CRUD">
        <test-method signature="dataDrivenSetup()[pri:0, instance:trello.CRUD@5677323c]" started-at="2023-09-09T09:11:14 IST" name="dataDrivenSetup" finished-at="2023-09-09T09:11:51 IST" duration-ms="36491" status="PASS">
          <reporter-output>
          </reporter-output>
        </test-method> <!-- dataDrivenSetup -->
      </class> <!-- trello.CRUD -->
    </test> <!-- Default test -->
  </suite> <!-- Default suite -->
</testng-results>
