<?xml version="1.0" encoding="UTF-8"?>
<testsuite xmlns:xsi="http://www.w3.org/2001/XMLSchema-instance" xsi:noNamespaceSchemaLocation="https://maven.apache.org/surefire/maven-surefire-plugin/xsd/surefire-test-report-3.0.xsd" version="3.0" name="TestSuite" time="69.56" tests="1" errors="0" skipped="0" failures="0">
  <properties>
[...]
</properties>
  <testcase name="dataDrivenSetup" classname="trello.CRUD" time="56.623">
    <system-out><![CDATA[3
Siddharth
pink
id of newly created trello board is 65058a94fa1136a580a69944
name at the time of creation defaultname
name while reading the board defaultname
description while reading the board 
color while reading the board blue
name while reading the board Siddharth
description while reading the board updatedmy board
color while reading the board orange
name while reading the board Siddharth
description while reading the board updatedmy board
color while reading the board orange
Shyam
red
id of newly created trello board is 65058a9f3c10334bd23aaa07
name at the time of creation defaultname
name while reading the board defaultname
description while reading the board 
color while reading the board blue
name while reading the board Shyam
description while reading the board updatedshyam board
color while reading the board orange
name while reading the board Shyam
description while reading the board updatedshyam board
color while reading the board orange
Varun
green
id of newly created trello board is 65058aa49c0bb5e808ac2c0e
name at the time of creation defaultname
name while reading the board defaultname
description while reading the board 
color while reading the board blue
name while reading the board Varun
description while reading the board updatedvarun board
color while reading the board orange
name while reading the board Varun
description while reading the board updatedvarun board
color while reading the board orange
]]></system-out>
    <system-err><![CDATA[SLF4J: Failed to load class "org.slf4j.impl.StaticLoggerBinder".
SLF4J: Defaulting to no-operation (NOP) logger implementation
SLF4J: See http://www.slf4j.org/codes.html#StaticLoggerBinder for further details.
ERROR StatusLogger Log4j2 could not find a logging implementation. Please add log4j-core to the classpath. Using SimpleLogger to log to the console...
]]></system-err>
  </testcase>
</testsuite>