<?xml version="1.0" encoding="UTF-8"?>
<testsuite xmlns:xsi="http://www.w3.org/2001/XMLSchema-instance" xsi:noNamespaceSchemaLocation="https://maven.apache.org/surefire/maven-surefire-plugin/xsd/surefire-test-report-3.0.xsd" version="3.0" name="TestSuite" time="44.448" tests="8" errors="0" skipped="0" failures="0">
  <properties>
[...]
</properties>
  <testcase name="dataDrivenSetup" classname="trello.CRUD" time="28.861">
    <system-out><![CDATA[3
Siddharth
pink
id of newly created trello board is 6506f6066bf5f6767a0909cb
name at the time of creation defaultname
name while reading the board defaultname
Siddharth updated something from eclipse defaultname
description while reading the board 
color while reading the board blue
name while reading the board Siddharth
description while reading the board updatedmy board
color while reading the board orange
name while reading the board Siddharth
Siddharth updated something from eclipse Siddharth
description while reading the board updatedmy board
color while reading the board orange
200
Shyam
red
id of newly created trello board is 6506f60c01c2bac70a602540
name at the time of creation defaultname
name while reading the board defaultname
Siddharth updated something from eclipse defaultname
description while reading the board 
color while reading the board blue
name while reading the board Shyam
description while reading the board updatedshyam board
color while reading the board orange
name while reading the board Shyam
Siddharth updated something from eclipse Shyam
description while reading the board updatedshyam board
color while reading the board orange
200
Varun
green
id of newly created trello board is 6506f6110999f223d20a22df
name at the time of creation defaultname
name while reading the board defaultname
Siddharth updated something from eclipse defaultname
description while reading the board 
color while reading the board blue
name while reading the board Varun
description while reading the board updatedvarun board
color while reading the board orange
name while reading the board Varun
Siddharth updated something from eclipse Varun
description while reading the board updatedvarun board
color while reading the board orange
200
]]></system-out>
    <system-err><![CDATA[SLF4J: Failed to load class "org.slf4j.impl.StaticLoggerBinder".
SLF4J: Defaulting to no-operation (NOP) logger implementation
SLF4J: See http://www.slf4j.org/codes.html#StaticLoggerBinder for further details.
ERROR StatusLogger Log4j2 could not find a logging implementation. Please add log4j-core to the classpath. Using SimpleLogger to log to the console...
]]></system-err>
  </testcase>
  <testcase name="Authentication" classname="trello.SimpleBooks" time="1.676">
    <system-out><![CDATA[{
   "clientName":"siddharth0.6144443814604835",
   "clientEmail":"sidgbpec0.6144443814604835@gmail.com"
}
{
    "accessToken": "b92259e8897472bb442d9090ff4baa5a4c011cffc6f97d94f3706b312da4d4f9"
}
access token is b92259e8897472bb442d9090ff4baa5a4c011cffc6f97d94f3706b312da4d4f9
]]></system-out>
  </testcase>
  <testcase name="SubmitAnOrder" classname="trello.SimpleBooks" time="1.599">
    <system-out><![CDATA[{
    "created": true,
    "orderId": "X2HA3jay0P1cbYSOLubRy"
}
X2HA3jay0P1cbYSOLubRy
]]></system-out>
  </testcase>
  <testcase name="getListOfBooks" classname="trello.SimpleBooks" time="1.306">
    <system-out><![CDATA[list of books: [{"id":1,"name":"The Russian","type":"fiction","available":true},{"id":2,"name":"Just as I Am","type":"non-fiction","available":false},{"id":3,"name":"The Vanishing Half","type":"fiction","available":true},{"id":4,"name":"The Midnight Library","type":"fiction","available":true},{"id":5,"name":"Untamed","type":"non-fiction","available":true},{"id":6,"name":"Viscount Who Loved Me","type":"fiction","available":true}]
]]></system-out>
  </testcase>
  <testcase name="getABookById" classname="trello.SimpleBooks" time="1.34">
    <system-out><![CDATA[single book with bookid 1 is{
    "id": 1,
    "name": "The Russian",
    "author": "James Patterson and James O. Born",
    "isbn": "1780899475",
    "type": "fiction",
    "price": 12.98,
    "current-stock": 12,
    "available": true
}
]]></system-out>
  </testcase>
  <testcase name="getAllOrders" classname="trello.SimpleBooks" time="1.31">
    <system-out><![CDATA[all orders: [
    {
        "id": "X2HA3jay0P1cbYSOLubRy",
        "bookId": 1,
        "customerName": "John",
        "createdBy": "06891689dac4ff75556d152a911cacbc3fc2b046c12d0b0c4cc0816b500d0422",
        "quantity": 1,
        "timestamp": 1694955033313
    }
]
]]></system-out>
  </testcase>
  <testcase name="getAnOrder" classname="trello.SimpleBooks" time="1.247">
    <system-out><![CDATA[single order: {
    "id": "X2HA3jay0P1cbYSOLubRy",
    "bookId": 1,
    "customerName": "John",
    "createdBy": "06891689dac4ff75556d152a911cacbc3fc2b046c12d0b0c4cc0816b500d0422",
    "quantity": 1,
    "timestamp": 1694955033313
}
]]></system-out>
  </testcase>
  <testcase name="updateAnOrder" classname="trello.SimpleBooks" time="2.649">
    <system-out><![CDATA[updated order response 
single order: {
    "id": "X2HA3jay0P1cbYSOLubRy",
    "bookId": 1,
    "customerName": "Updated_siddharth0.6144443814604835",
    "createdBy": "06891689dac4ff75556d152a911cacbc3fc2b046c12d0b0c4cc0816b500d0422",
    "quantity": 1,
    "timestamp": 1694955033313
}
]]></system-out>
  </testcase>
</testsuite>