<?xml version="1.0" encoding="UTF-8"?>
<testng-results ignored="0" total="1" passed="1" failed="0" skipped="0">
  <reporter-output>
  </reporter-output>
  <suite started-at="2023-09-16T16:28:54 IST" name="Suite" finished-at="2023-09-16T16:29:51 IST" duration-ms="57115">
    <groups>
    </groups>
    <test started-at="2023-09-16T16:28:54 IST" name="Test" finished-at="2023-09-16T16:29:51 IST" duration-ms="57115">
      <class name="trello.CRUD">
        <test-method signature="dataDrivenSetup()[pri:0, instance:trello.CRUD@5d7148e2]" started-at="2023-09-16T16:28:54 IST" name="dataDrivenSetup" finished-at="2023-09-16T16:29:51 IST" duration-ms="56596" status="PASS">
          <reporter-output>
          </reporter-output>
        </test-method> <!-- dataDrivenSetup -->
      </class> <!-- trello.CRUD -->
    </test> <!-- Test -->
  </suite> <!-- Suite -->
</testng-results>
